빌드 시작: 2014-06-13 오전 10:27:57
     1>2 노드의 "C:\Users\김연우\Desktop\14-1\Cpro\member_management_with_BST\member_management\member_management.vcxproj" 프로젝트(Build 대상)입니다.
     1>C:\Program Files (x86)\MSBuild\Microsoft.Cpp\v4.0\V120\Microsoft.CppBuild.targets(381,5): warning MSB8028: The intermediate directory (Debug\) contains files shared from another project (member_management.vcxproj).  This can lead to incorrect clean and rebuild behavior.
     1>ClCompile:
         C:\Program Files (x86)\Microsoft Visual Studio 12.0\VC\bin\CL.exe /c /ZI /nologo /W3 /WX- /Od /Oy- /D WIN32 /D _DEBUG /D _CONSOLE /D _LIB /D _UNICODE /D UNICODE /Gm /EHsc /RTC1 /MDd /GS /fp:precise /Zc:wchar_t /Zc:forScope /Fo"Debug\\" /Fd"Debug\vc120.pdb" /Gd /TC /analyze- /errorReport:prompt BST.c deleteMember.c findMember.c initUserInfo.c insertMember.c main.c menu.c printMember.c saveData.c updateMember.c
         updateMember.c
         saveData.c
         printMember.c
     1>c:\users\김연우\desktop\14-1\cpro\member_management_with_bst\member_management\printmember.c(8): warning C4029: 선언된 정식 매개 변수 목록이 정의와 다릅니다.
         menu.c
         main.c
         insertMember.c
     1>c:\users\김연우\desktop\14-1\cpro\member_management_with_bst\member_management\insertmember.c(106): warning C4996: 'gets': This function or variable may be unsafe. Consider using gets_s instead. To disable deprecation, use _CRT_SECURE_NO_WARNINGS. See online help for details.
                 c:\program files (x86)\microsoft visual studio 12.0\vc\include\stdio.h(254) : 'gets' 선언을 참조하십시오.
         initUserInfo.c
     1>c:\users\김연우\desktop\14-1\cpro\member_management_with_bst\member_management\inituserinfo.c(24): warning C4996: 'fscanf': This function or variable may be unsafe. Consider using fscanf_s instead. To disable deprecation, use _CRT_SECURE_NO_WARNINGS. See online help for details.
                 c:\program files (x86)\microsoft visual studio 12.0\vc\include\stdio.h(230) : 'fscanf' 선언을 참조하십시오.
         findMember.c
     1>c:\users\김연우\desktop\14-1\cpro\member_management_with_bst\member_management\findmember.c(18): warning C4047: 'return' : 'node_t *'의 간접 참조 수준이 'int'과(와) 다릅니다.
     1>c:\users\김연우\desktop\14-1\cpro\member_management_with_bst\member_management\findmember.c(59): warning C4020: 'printArrData' : 실제 매개 변수가 너무 많습니다.
     1>c:\users\김연우\desktop\14-1\cpro\member_management_with_bst\member_management\findmember.c(120): warning C4029: 선언된 정식 매개 변수 목록이 정의와 다릅니다.
     1>c:\users\김연우\desktop\14-1\cpro\member_management_with_bst\member_management\findmember.c(155): warning C4996: 'scanf': This function or variable may be unsafe. Consider using scanf_s instead. To disable deprecation, use _CRT_SECURE_NO_WARNINGS. See online help for details.
                 c:\program files (x86)\microsoft visual studio 12.0\vc\include\stdio.h(283) : 'scanf' 선언을 참조하십시오.
         deleteMember.c
         BST.c
         코드를 생성하고 있습니다...
     1>c:\users\김연우\desktop\14-1\cpro\member_management_with_bst\member_management\updatemember.c(56): warning C4715: 'updateMember' : 모든 제어 경로에서 값을 반환하지는 않습니다.
       Link:
         C:\Program Files (x86)\Microsoft Visual Studio 12.0\VC\bin\link.exe /ERRORREPORT:PROMPT /OUT:"C:\Users\김연우\Desktop\14-1\Cpro\member_management_with_BST\Debug\member_management_with_BST.exe" /INCREMENTAL /NOLOGO kernel32.lib user32.lib gdi32.lib winspool.lib comdlg32.lib advapi32.lib shell32.lib ole32.lib oleaut32.lib uuid.lib odbc32.lib odbccp32.lib /MANIFEST /MANIFESTUAC:"level='asInvoker' uiAccess='false'" /manifest:embed /DEBUG /PDB:"C:\Users\김연우\Desktop\14-1\Cpro\member_management_with_BST\Debug\member_management_with_BST.pdb" /SUBSYSTEM:CONSOLE /TLBID:1 /DYNAMICBASE /NXCOMPAT /IMPLIB:"C:\Users\김연우\Desktop\14-1\Cpro\member_management_with_BST\Debug\member_management_with_BST.lib" /MACHINE:X86 Debug\BST.obj
         Debug\deleteMember.obj
         Debug\findMember.obj
         Debug\initUserInfo.obj
         Debug\insertMember.obj
         Debug\main.obj
         Debug\menu.obj
         Debug\printMember.obj
         Debug\saveData.obj
         Debug\updateMember.obj
         member_management.vcxproj -> C:\Users\김연우\Desktop\14-1\Cpro\member_management_with_BST\Debug\member_management_with_BST.exe
     1>"C:\Users\김연우\Desktop\14-1\Cpro\member_management_with_BST\member_management\member_management.vcxproj" 프로젝트를 빌드했습니다(Build 대상).

빌드했습니다.

경과 시간: 00:00:01.75
